0 info it worked if it ends with ok
1 verbose cli [ '/usr/local/Cellar/node/6.2.1/bin/node',
1 verbose cli   '/usr/local/bin/npm',
1 verbose cli   'run',
1 verbose cli   'make' ]
2 info using npm@3.9.3
3 info using node@v6.2.1
4 verbose run-script [ 'premake', 'make', 'postmake' ]
5 info lifecycle arachnid@0.0.1~premake: arachnid@0.0.1
6 silly lifecycle arachnid@0.0.1~premake: no script for premake, continuing
7 info lifecycle arachnid@0.0.1~make: arachnid@0.0.1
8 verbose lifecycle arachnid@0.0.1~make: unsafe-perm in lifecycle true
9 verbose lifecycle arachnid@0.0.1~make: PATH: /usr/local/lib/node_modules/npm/bin/node-gyp-bin:/Users/Jack/arachnid/node_modules/.bin:/usr/local/Cellar/node/6.2.1/bin:/usr/local/opt/openssl/bin:/Users/Jack/.cargo/bin:/usr/bin:/bin:/usr/sbin:/sbin:/usr/local/bin:/opt/X11/bin:/Users/Jack/.rvm/bin
10 verbose lifecycle arachnid@0.0.1~make: CWD: /Users/Jack/arachnid
11 silly lifecycle arachnid@0.0.1~make: Args: [ '-c', 'elm-make --output dist/bundle.js src/elm/Main.elm' ]
12 silly lifecycle arachnid@0.0.1~make: Returned: code: 1  signal: null
13 info lifecycle arachnid@0.0.1~make: Failed to exec make script
14 verbose stack Error: arachnid@0.0.1 make: `elm-make --output dist/bundle.js src/elm/Main.elm`
14 verbose stack Exit status 1
14 verbose stack     at EventEmitter.<anonymous> (/usr/local/lib/node_modules/npm/lib/utils/lifecycle.js:245:16)
14 verbose stack     at emitTwo (events.js:106:13)
14 verbose stack     at EventEmitter.emit (events.js:191:7)
14 verbose stack     at ChildProcess.<anonymous> (/usr/local/lib/node_modules/npm/lib/utils/spawn.js:24:14)
14 verbose stack     at emitTwo (events.js:106:13)
14 verbose stack     at ChildProcess.emit (events.js:191:7)
14 verbose stack     at maybeClose (internal/child_process.js:852:16)
14 verbose stack     at Process.ChildProcess._handle.onexit (internal/child_process.js:215:5)
15 verbose pkgid arachnid@0.0.1
16 verbose cwd /Users/Jack/arachnid/src/elm
17 error Darwin 15.6.0
18 error argv "/usr/local/Cellar/node/6.2.1/bin/node" "/usr/local/bin/npm" "run" "make"
19 error node v6.2.1
20 error npm  v3.9.3
21 error code ELIFECYCLE
22 error arachnid@0.0.1 make: `elm-make --output dist/bundle.js src/elm/Main.elm`
22 error Exit status 1
23 error Failed at the arachnid@0.0.1 make script 'elm-make --output dist/bundle.js src/elm/Main.elm'.
23 error Make sure you have the latest version of node.js and npm installed.
23 error If you do, this is most likely a problem with the arachnid package,
23 error not with npm itself.
23 error Tell the author that this fails on your system:
23 error     elm-make --output dist/bundle.js src/elm/Main.elm
23 error You can get information on how to open an issue for this project with:
23 error     npm bugs arachnid
23 error Or if that isn't available, you can get their info via:
23 error     npm owner ls arachnid
23 error There is likely additional logging output above.
24 verbose exit [ 1, true ]
